# JRE version: OpenJDK Runtime Environment (8.0_72-b15) (build 1.8.0_72-internal-b15)
# Java VM: OpenJDK 64-Bit Server VM (25.72-b15 mixed mode linux-amd64 compressed oops)
Heap:
 PSYoungGen      total 36864K, used 1270K [0x00000000d6d80000, 0x00000000d9680000, 0x0000000100000000)
  eden space 31744K, 4% used [0x00000000d6d80000,0x00000000d6ebd8c0,0x00000000d8c80000)
  from space 5120K, 0% used [0x00000000d9180000,0x00000000d9180000,0x00000000d9680000)
  to   space 5120K, 0% used [0x00000000d8c80000,0x00000000d8c80000,0x00000000d9180000)
 ParOldGen       total 84992K, used 682K [0x0000000084800000, 0x0000000089b00000, 0x00000000d6d80000)
  object space 84992K, 0% used [0x0000000084800000,0x00000000848aaac8,0x0000000089b00000)
 Metaspace       used 5459K, capacity 5712K, committed 6016K, reserved 1056768K
  class space    used 577K, capacity 588K, committed 640K, reserved 1048576K
GC Heap History (8 events):
Event: 0,291 GC heap before
{Heap before GC invocations=1 (full 0):
 PSYoungGen      total 36864K, used 7795K [0x00000000d6d80000, 0x00000000d9680000, 0x0000000100000000)
  eden space 31744K, 24% used [0x00000000d6d80000,0x00000000d751cf70,0x00000000d8c80000)
  from space 5120K, 0% used [0x00000000d9180000,0x00000000d9180000,0x00000000d9680000)
  to   space 5120K, 0% used [0x00000000d8c80000,0x00000000d8c80000,0x00000000d9180000)
 ParOldGen       total 84992K, used 0K [0x0000000084800000, 0x0000000089b00000, 0x00000000d6d80000)
  object space 84992K, 0% used [0x0000000084800000,0x0000000084800000,0x0000000089b00000)
 Metaspace       used 5385K, capacity 5648K, committed 5760K, reserved 1056768K
  class space    used 569K, capacity 588K, committed 640K, reserved 1048576K
Event: 0,294 GC heap after
Heap after GC invocations=1 (full 0):
 PSYoungGen      total 36864K, used 1474K [0x00000000d6d80000, 0x00000000d9680000, 0x0000000100000000)
  eden space 31744K, 0% used [0x00000000d6d80000,0x00000000d6d80000,0x00000000d8c80000)
  from space 5120K, 28% used [0x00000000d8c80000,0x00000000d8df0b50,0x00000000d9180000)
  to   space 5120K, 0% used [0x00000000d9180000,0x00000000d9180000,0x00000000d9680000)
 ParOldGen       total 84992K, used 72K [0x0000000084800000, 0x0000000089b00000, 0x00000000d6d80000)
  object space 84992K, 0% used [0x0000000084800000,0x0000000084812010,0x0000000089b00000)
 Metaspace       used 5385K, capacity 5648K, committed 5760K, reserved 1056768K
  class space    used 569K, capacity 588K, committed 640K, reserved 1048576K
}
Event: 0,294 GC heap before
{Heap before GC invocations=2 (full 1):
 PSYoungGen      total 36864K, used 1474K [0x00000000d6d80000, 0x00000000d9680000, 0x0000000100000000)
  eden space 31744K, 0% used [0x00000000d6d80000,0x00000000d6d80000,0x00000000d8c80000)
  from space 5120K, 28% used [0x00000000d8c80000,0x00000000d8df0b50,0x00000000d9180000)
  to   space 5120K, 0% used [0x00000000d9180000,0x00000000d9180000,0x00000000d9680000)
 ParOldGen       total 84992K, used 72K [0x0000000084800000, 0x0000000089b00000, 0x00000000d6d80000)
  object space 84992K, 0% used [0x0000000084800000,0x0000000084812010,0x0000000089b00000)
 Metaspace       used 5385K, capacity 5648K, committed 5760K, reserved 1056768K
  class space    used 569K, capacity 588K, committed 640K, reserved 1048576K
Event: 0,305 GC heap after
Heap after GC invocations=2 (full 1):
 PSYoungGen      total 36864K, used 0K [0x00000000d6d80000, 0x00000000d9680000, 0x0000000100000000)
  eden space 31744K, 0% used [0x00000000d6d80000,0x00000000d6d80000,0x00000000d8c80000)
  from space 5120K, 0% used [0x00000000d8c80000,0x00000000d8c80000,0x00000000d9180000)
  to   space 5120K, 0% used [0x00000000d9180000,0x00000000d9180000,0x00000000d9680000)
 ParOldGen       total 84992K, used 1307K [0x0000000084800000, 0x0000000089b00000, 0x00000000d6d80000)
  object space 84992K, 1% used [0x0000000084800000,0x0000000084946ca8,0x0000000089b00000)
 Metaspace       used 5385K, capacity 5648K, committed 5760K, reserved 1056768K
  class space    used 569K, capacity 588K, committed 640K, reserved 1048576K
}
Event: 0,308 GC heap before
{Heap before GC invocations=3 (full 1):
 PSYoungGen      total 36864K, used 2751K [0x00000000d6d80000, 0x00000000d9680000, 0x0000000100000000)
  eden space 31744K, 8% used [0x00000000d6d80000,0x00000000d702fd48,0x00000000d8c80000)
  from space 5120K, 0% used [0x00000000d8c80000,0x00000000d8c80000,0x00000000d9180000)
  to   space 5120K, 0% used [0x00000000d9180000,0x00000000d9180000,0x00000000d9680000)
 ParOldGen       total 84992K, used 1307K [0x0000000084800000, 0x0000000089b00000, 0x00000000d6d80000)
  object space 84992K, 1% used [0x0000000084800000,0x0000000084946ca8,0x0000000089b00000)
 Metaspace       used 5459K, capacity 5712K, committed 6016K, reserved 1056768K
  class space    used 577K, capacity 588K, committed 640K, reserved 1048576K
Event: 0,309 GC heap after
Heap after GC invocations=3 (full 1):
 PSYoungGen      total 36864K, used 192K [0x00000000d6d80000, 0x00000000d9680000, 0x0000000100000000)
  eden space 31744K, 0% used [0x00000000d6d80000,0x00000000d6d80000,0x00000000d8c80000)
  from space 5120K, 3% used [0x00000000d9180000,0x00000000d91b0000,0x00000000d9680000)
  to   space 5120K, 0% used [0x00000000d8c80000,0x00000000d8c80000,0x00000000d9180000)
 ParOldGen       total 84992K, used 1315K [0x0000000084800000, 0x0000000089b00000, 0x00000000d6d80000)
  object space 84992K, 1% used [0x0000000084800000,0x0000000084948ca8,0x0000000089b00000)
 Metaspace       used 5459K, capacity 5712K, committed 6016K, reserved 1056768K
  class space    used 577K, capacity 588K, committed 640K, reserved 1048576K
}
Event: 0,309 GC heap before
{Heap before GC invocations=4 (full 2):
 PSYoungGen      total 36864K, used 192K [0x00000000d6d80000, 0x00000000d9680000, 0x0000000100000000)
  eden space 31744K, 0% used [0x00000000d6d80000,0x00000000d6d80000,0x00000000d8c80000)
  from space 5120K, 3% used [0x00000000d9180000,0x00000000d91b0000,0x00000000d9680000)
  to   space 5120K, 0% used [0x00000000d8c80000,0x00000000d8c80000,0x00000000d9180000)
 ParOldGen       total 84992K, used 1315K [0x0000000084800000, 0x0000000089b00000, 0x00000000d6d80000)
  object space 84992K, 1% used [0x0000000084800000,0x0000000084948ca8,0x0000000089b00000)
 Metaspace       used 5459K, capacity 5712K, committed 6016K, reserved 1056768K
  class space    used 577K, capacity 588K, committed 640K, reserved 1048576K
Event: 0,318 GC heap after
Heap after GC invocations=4 (full 2):
 PSYoungGen      total 36864K, used 0K [0x00000000d6d80000, 0x00000000d9680000, 0x0000000100000000)
  eden space 31744K, 0% used [0x00000000d6d80000,0x00000000d6d80000,0x00000000d8c80000)
  from space 5120K, 0% used [0x00000000d9180000,0x00000000d9180000,0x00000000d9680000)
  to   space 5120K, 0% used [0x00000000d8c80000,0x00000000d8c80000,0x00000000d9180000)
 ParOldGen       total 84992K, used 682K [0x0000000084800000, 0x0000000089b00000, 0x00000000d6d80000)
  object space 84992K, 0% used [0x0000000084800000,0x00000000848aaac8,0x0000000089b00000)
 Metaspace       used 5459K, capacity 5712K, committed 6016K, reserved 1056768K
  class space    used 577K, capacity 588K, committed 640K, reserved 1048576K
}

